CleanArchitectureStudy/presentaion/build/intermediates/manifest_merge_blame_file/debug/manifest-merger-blame-debug-report.txt
1<?xml version="1.0" encoding="utf-8"?>
2<manifest xmlns:android="http://schemas.android.com/apk/res/android"
3    package="com.example.cleanarchitecturestudy" >
4
5    <uses-sdk
6        android:minSdkVersion="24"
6-->src/main/AndroidManifest.xml
7        android:targetSdkVersion="28" />
7-->[androidx.fragment:fragment-ktx:1.2.5] AndroidManifest.xml:22:9-38
8
9    <uses-permission android:name="android.permission.ACCESS_NETWORK_STATE" />
9-->src/main/AndroidManifest.xml:6:5-79
9-->src/main/AndroidManifest.xml:6:22-76
10    <uses-permission android:name="android.permission.INTERNET" />
10-->src/main/AndroidManifest.xml:7:5-67
10-->src/main/AndroidManifest.xml:7:22-64
11    <uses-permission android:name="android.permission.CAMERA" />
11-->src/main/AndroidManifest.xml:8:5-65
11-->src/main/AndroidManifest.xml:8:22-62
12
13    <!-- Don't require camera, as this requires a rear camera. This allows it to work on the Nexus 7 -->
14    <uses-feature
14-->[com.journeyapps:zxing-android-embedded:4.3.0] AndroidManifest.xml:25:5-27:36
15        android:name="android.hardware.camera"
15-->[com.journeyapps:zxing-android-embedded:4.3.0] AndroidManifest.xml:26:9-47
16        android:required="false" />
16-->[com.journeyapps:zxing-android-embedded:4.3.0] AndroidManifest.xml:27:9-33
17    <uses-feature
17-->[com.journeyapps:zxing-android-embedded:4.3.0] AndroidManifest.xml:28:5-30:36
18        android:name="android.hardware.camera.front"
18-->[com.journeyapps:zxing-android-embedded:4.3.0] AndroidManifest.xml:29:9-53
19        android:required="false" /> <!-- TODO replace above two with next line after Android 4.2 -->
19-->[com.journeyapps:zxing-android-embedded:4.3.0] AndroidManifest.xml:30:9-33
20    <!-- <uses-feature android:name="android.hardware.camera.any"/> -->
21    <uses-feature
21-->[com.journeyapps:zxing-android-embedded:4.3.0] AndroidManifest.xml:33:5-35:36
22        android:name="android.hardware.camera.autofocus"
22-->[com.journeyapps:zxing-android-embedded:4.3.0] AndroidManifest.xml:34:9-57
23        android:required="false" />
23-->[com.journeyapps:zxing-android-embedded:4.3.0] AndroidManifest.xml:35:9-33
24    <uses-feature
24-->[com.journeyapps:zxing-android-embedded:4.3.0] AndroidManifest.xml:36:5-38:36
25        android:name="android.hardware.camera.flash"
25-->[com.journeyapps:zxing-android-embedded:4.3.0] AndroidManifest.xml:37:9-53
26        android:required="false" />
26-->[com.journeyapps:zxing-android-embedded:4.3.0] AndroidManifest.xml:38:9-33
27    <uses-feature
27-->[com.journeyapps:zxing-android-embedded:4.3.0] AndroidManifest.xml:39:5-41:36
28        android:name="android.hardware.screen.landscape"
28-->[com.journeyapps:zxing-android-embedded:4.3.0] AndroidManifest.xml:40:9-57
29        android:required="false" />
29-->[com.journeyapps:zxing-android-embedded:4.3.0] AndroidManifest.xml:41:9-33
30    <uses-feature
30-->[com.journeyapps:zxing-android-embedded:4.3.0] AndroidManifest.xml:42:5-44:36
31        android:name="android.hardware.wifi"
31-->[com.journeyapps:zxing-android-embedded:4.3.0] AndroidManifest.xml:43:9-45
32        android:required="false" />
32-->[com.journeyapps:zxing-android-embedded:4.3.0] AndroidManifest.xml:44:9-33
33
34    <application
34-->src/main/AndroidManifest.xml:10:5-47:19
35        android:name="com.example.cleanarchitecturestudy.di.DIApplication"
35-->src/main/AndroidManifest.xml:11:9-41
36        android:allowBackup="true"
36-->src/main/AndroidManifest.xml:12:9-35
37        android:appComponentFactory="androidx.core.app.CoreComponentFactory"
37-->[androidx.core:core:1.7.0] AndroidManifest.xml:24:18-86
38        android:debuggable="true"
39        android:extractNativeLibs="false"
40        android:icon="@mipmap/ic_launcher"
40-->src/main/AndroidManifest.xml:13:9-43
41        android:label="@string/app_name"
41-->src/main/AndroidManifest.xml:14:9-41
42        android:roundIcon="@mipmap/ic_launcher_round"
42-->src/main/AndroidManifest.xml:15:9-54
43        android:supportsRtl="true"
43-->src/main/AndroidManifest.xml:16:9-35
44        android:testOnly="true"
45        android:theme="@style/Theme.CleanArchitectureStudy" >
45-->src/main/AndroidManifest.xml:17:9-60
46
47        <!--
48        android12 (sdkVersion 31) 로 올라오면서,
49        외부 응용 프로그램에서 실행될 수 있는지 여부를 확인하는 exported 명시적 선언이 필요함. 기존에는 이 값이 자동 적용되었던 부분이다.
50        다른 애플리케이션에서 해당 액티비티를 시작할 수 있으면 true, 없으면 false 로 선언한다.
51        앱을 최초 실행하는 Main(LAUNCHER) 의 경우 false 로 설정하게 되면 앱 아이콘 클릭 시 앱이 실행되지 않는다.
52        -->
53        <activity
53-->src/main/AndroidManifest.xml:22:9-28:20
54            android:name="com.example.cleanarchitecturestudy.view.MainActivity"
54-->src/main/AndroidManifest.xml:22:19-52
55            android:exported="true" >
55-->src/main/AndroidManifest.xml:23:13-36
56
57            <!--
58            <intent-filter>
59                <action android:name="android.intent.action.MAIN" />
60                <category android:name="android.intent.category.LAUNCHER" />
61            </intent-filter>
62            -->
63        </activity>
64        <activity
64-->src/main/AndroidManifest.xml:30:9-37:20
65            android:name="com.example.cleanarchitecturestudy.view.intro.IntroActivity"
65-->src/main/AndroidManifest.xml:30:19-59
66            android:exported="true"
66-->src/main/AndroidManifest.xml:31:13-36
67            android:theme="@style/Theme.CleanArchitectureStudy" >
67-->src/main/AndroidManifest.xml:32:13-64
68            <intent-filter>
68-->src/main/AndroidManifest.xml:33:13-36:29
69                <action android:name="android.intent.action.MAIN" />
69-->src/main/AndroidManifest.xml:34:17-69
69-->src/main/AndroidManifest.xml:34:25-66
70
71                <category android:name="android.intent.category.LAUNCHER" />
71-->src/main/AndroidManifest.xml:35:17-77
71-->src/main/AndroidManifest.xml:35:27-74
72            </intent-filter>
73        </activity>
74        <activity
74-->src/main/AndroidManifest.xml:39:9-41:39
75            android:name="com.example.cleanarchitecturestudy.view.search.MovieSearchActivity"
75-->src/main/AndroidManifest.xml:39:19-66
76            android:exported="false"
76-->src/main/AndroidManifest.xml:41:13-37
77            android:windowSoftInputMode="adjustNothing" />
77-->src/main/AndroidManifest.xml:40:13-56
78        <activity
78-->src/main/AndroidManifest.xml:43:9-44:53
79            android:name="com.example.cleanarchitecturestudy.view.qr.QrCodeActivity"
79-->src/main/AndroidManifest.xml:43:19-57
80            android:screenOrientation="fullSensor" />
80-->src/main/AndroidManifest.xml:44:13-51
81        <activity android:name="com.example.cleanarchitecturestudy.view.web.WebViewActivity" />
81-->src/main/AndroidManifest.xml:46:9-61
81-->src/main/AndroidManifest.xml:46:19-59
82
83        <service
83-->[androidx.room:room-runtime:2.4.1] AndroidManifest.xml:25:9-28:40
84            android:name="androidx.room.MultiInstanceInvalidationService"
84-->[androidx.room:room-runtime:2.4.1] AndroidManifest.xml:26:13-74
85            android:directBootAware="true"
85-->[androidx.room:room-runtime:2.4.1] AndroidManifest.xml:27:13-43
86            android:exported="false" />
86-->[androidx.room:room-runtime:2.4.1] AndroidManifest.xml:28:13-37
87
88        <activity
88-->[com.journeyapps:zxing-android-embedded:4.3.0] AndroidManifest.xml:47:9-53:63
89            android:name="com.journeyapps.barcodescanner.CaptureActivity"
89-->[com.journeyapps:zxing-android-embedded:4.3.0] AndroidManifest.xml:48:13-74
90            android:clearTaskOnLaunch="true"
90-->[com.journeyapps:zxing-android-embedded:4.3.0] AndroidManifest.xml:49:13-45
91            android:screenOrientation="sensorLandscape"
91-->[com.journeyapps:zxing-android-embedded:4.3.0] AndroidManifest.xml:50:13-56
92            android:stateNotNeeded="true"
92-->[com.journeyapps:zxing-android-embedded:4.3.0] AndroidManifest.xml:51:13-42
93            android:theme="@style/zxing_CaptureTheme"
93-->[com.journeyapps:zxing-android-embedded:4.3.0] AndroidManifest.xml:52:13-54
94            android:windowSoftInputMode="stateAlwaysHidden" />
94-->[com.journeyapps:zxing-android-embedded:4.3.0] AndroidManifest.xml:53:13-60
95
96        <provider
96-->[androidx.emoji2:emoji2:1.0.0] AndroidManifest.xml:26:9-34:20
97            android:name="androidx.startup.InitializationProvider"
97-->[androidx.emoji2:emoji2:1.0.0] AndroidManifest.xml:27:13-67
98            android:authorities="com.example.cleanarchitecturestudy.androidx-startup"
98-->[androidx.emoji2:emoji2:1.0.0] AndroidManifest.xml:28:13-68
99            android:exported="false" >
99-->[androidx.emoji2:emoji2:1.0.0] AndroidManifest.xml:29:13-37
100            <meta-data
100-->[androidx.emoji2:emoji2:1.0.0] AndroidManifest.xml:31:13-33:52
101                android:name="androidx.emoji2.text.EmojiCompatInitializer"
101-->[androidx.emoji2:emoji2:1.0.0] AndroidManifest.xml:32:17-75
102                android:value="androidx.startup" />
102-->[androidx.emoji2:emoji2:1.0.0] AndroidManifest.xml:33:17-49
103            <meta-data
103-->[androidx.lifecycle:lifecycle-process:2.4.0] AndroidManifest.xml:31:13-33:52
104                android:name="androidx.lifecycle.ProcessLifecycleInitializer"
104-->[androidx.lifecycle:lifecycle-process:2.4.0] AndroidManifest.xml:32:17-78
105                android:value="androidx.startup" />
105-->[androidx.lifecycle:lifecycle-process:2.4.0] AndroidManifest.xml:33:17-49
106        </provider>
107    </application>
108
109</manifest>